<?xml version="1.0" encoding="UTF-8"?>
<!-- Generated by org.testng.reporters.JUnitReportReporter -->
<testsuite hostname="ChubenkoV" name="ua.bms.test.LoginTest" tests="3" failures="0" timestamp="29 Aug 2016 15:21:53 GMT" time="11.656" errors="0">
  <testcase name="testLogin" time="5.226" classname="ua.bms.test.LoginTest"/>
  <testcase name="testFailedLogin" time="3.162" classname="ua.bms.test.LoginTest"/>
  <testcase name="testFailedPassword" time="3.268" classname="ua.bms.test.LoginTest"/>
</testsuite> <!-- ua.bms.test.LoginTest -->
