<?xml version="1.0" encoding="UTF-8"?>
<!-- Generated by org.testng.reporters.JUnitReportReporter -->
<testsuite hostname="ChubenkoV" name="ua.bms.test.LoginTest" tests="3" failures="0" timestamp="5 Sep 2016 15:10:39 GMT" time="9.048" errors="0">
  <testcase name="testLoginFailedLogin" time="2.882" classname="ua.bms.test.LoginTest"/>
  <testcase name="testLoginOK" time="4.737" classname="ua.bms.test.LoginTest"/>
  <testcase name="testLoginFailedPassword" time="1.429" classname="ua.bms.test.LoginTest"/>
</testsuite> <!-- ua.bms.test.LoginTest -->
