<?xml version="1.0" encoding="UTF-8"?>
<!-- Generated by org.testng.reporters.JUnitReportReporter -->
<testsuite hostname="ChubenkoV" name="ua.bms.test.LoginTest" tests="1" failures="0" timestamp="7 Jul 2016 08:29:35 GMT" time="6.880" errors="0">
  <testcase name="testLoginForm" time="6.880" classname="ua.bms.test.LoginTest"/>
</testsuite> <!-- ua.bms.test.LoginTest -->
