<?xml version="1.0" encoding="UTF-8"?>
<!-- Generated by org.testng.reporters.JUnitReportReporter -->
<testsuite hostname="ChubenkoV" name="ua.bms.test.LoginTest" tests="1" failures="0" timestamp="1 Jul 2016 08:22:50 GMT" time="5.072" errors="0">
  <testcase name="testLoginForm" time="5.072" classname="ua.bms.test.LoginTest"/>
</testsuite> <!-- ua.bms.test.LoginTest -->
