<?xml version="1.0" encoding="UTF-8"?>
<!-- Generated by org.testng.reporters.JUnitReportReporter -->
<testsuite hostname="ChubenkoV" name="ua.bms.test.LoginTest" tests="1" failures="0" timestamp="21 Jul 2016 09:58:57 GMT" time="6.387" errors="0">
  <testcase name="testLoginForm" time="6.387" classname="ua.bms.test.LoginTest"/>
</testsuite> <!-- ua.bms.test.LoginTest -->
