<?xml version="1.0" encoding="UTF-8"?>
<!-- Generated by org.testng.reporters.JUnitReportReporter -->
<testsuite hostname="ChubenkoV" name="ua.bms.test.LoginTest" tests="3" failures="0" timestamp="26 Jul 2016 14:22:44 GMT" time="12.796" errors="0">
  <testcase name="testFailedLogin" time="3.591" classname="ua.bms.test.LoginTest"/>
  <testcase name="testLogin" time="5.535" classname="ua.bms.test.LoginTest"/>
  <testcase name="testFailedPassword" time="3.670" classname="ua.bms.test.LoginTest"/>
</testsuite> <!-- ua.bms.test.LoginTest -->
