<?xml version="1.0" encoding="UTF-8"?>
<!-- Generated by org.testng.reporters.JUnitReportReporter -->
<testsuite hostname="ChubenkoV" name="ua.bms.test.LoginTest" tests="3" failures="0" timestamp="31 Aug 2016 11:05:55 GMT" time="12.119" errors="0">
  <testcase name="testFailedLogin" time="3.264" classname="ua.bms.test.LoginTest"/>
  <testcase name="testLogin" time="6.291" classname="ua.bms.test.LoginTest"/>
  <testcase name="testFailedPassword" time="2.564" classname="ua.bms.test.LoginTest"/>
</testsuite> <!-- ua.bms.test.LoginTest -->
