<?xml version="1.0" encoding="UTF-8"?>
<!-- Generated by org.testng.reporters.JUnitReportReporter -->
<testsuite hostname="ChubenkoV" name="ua.bms.test.AdministrativeViolationTest" tests="2" failures="0" timestamp="19 Jul 2016 14:31:39 GMT" time="48.298" errors="0">
  <testcase name="testJumpToUnit9Page" time="12.115" classname="ua.bms.test.AdministrativeViolationTest"/>
  <testcase name="testCreateMilitaryCard" time="36.183" classname="ua.bms.test.AdministrativeViolationTest"/>
</testsuite> <!-- ua.bms.test.AdministrativeViolationTest -->
