<?xml version="1.0" encoding="UTF-8"?>
<!-- Generated by org.testng.reporters.JUnitReportReporter -->
<testsuite hostname="ChubenkoV" name="ua.bms.test.AdministrativeViolationTest" tests="2" failures="0" timestamp="25 Jul 2016 14:24:12 GMT" time="29.395" errors="0">
  <testcase name="testCreateMilitaryCard" time="20.862" classname="ua.bms.test.AdministrativeViolationTest"/>
  <testcase name="testJumpToUnit9Page" time="8.533" classname="ua.bms.test.AdministrativeViolationTest"/>
</testsuite> <!-- ua.bms.test.AdministrativeViolationTest -->
