<?xml version="1.0" encoding="UTF-8"?>
<!-- Generated by org.testng.reporters.JUnitReportReporter -->
<testsuite hostname="ChubenkoV" name="ua.bms.osop.test.LoginTest" tests="3" failures="0" timestamp="8 Sep 2016 14:56:35 GMT" time="10.946" errors="0">
  <testcase name="testLoginFailedPassword" time="0.765" classname="ua.bms.osop.test.LoginTest"/>
  <testcase name="testLoginOK" time="9.009" classname="ua.bms.osop.test.LoginTest"/>
  <testcase name="testLoginFailedLogin" time="1.172" classname="ua.bms.osop.test.LoginTest"/>
</testsuite> <!-- ua.bms.osop.test.LoginTest -->
