<?xml version="1.0" encoding="UTF-8"?>
<!-- Generated by org.testng.reporters.JUnitReportReporter -->
<testsuite hostname="ChubenkoV" name="ua.bms.test.AdministrativeViolationTest" tests="2" failures="0" timestamp="26 Jul 2016 09:52:40 GMT" time="28.272" errors="0">
  <testcase name="testCreateMilitaryCard" time="19.614" classname="ua.bms.test.AdministrativeViolationTest"/>
  <testcase name="testJumpToUnit9Page" time="8.658" classname="ua.bms.test.AdministrativeViolationTest"/>
</testsuite> <!-- ua.bms.test.AdministrativeViolationTest -->
