<?xml version="1.0" encoding="UTF-8"?>
<!-- Generated by org.testng.reporters.JUnitReportReporter -->
<testsuite hostname="ChubenkoV" name="ua.bms.test.LoginTest" tests="1" failures="0" timestamp="29 Jun 2016 13:20:09 GMT" time="4.445" errors="0">
  <testcase name="gotoStartPageOsop" time="4.445" classname="ua.bms.test.LoginTest"/>
</testsuite> <!-- ua.bms.test.LoginTest -->
