<?xml version="1.0" encoding="UTF-8"?>
<!-- Generated by org.testng.reporters.JUnitReportReporter -->
<testsuite hostname="ChubenkoV" name="ua.bms.FirstTest" tests="1" failures="0" timestamp="29 Jun 2016 13:10:08 GMT" time="5.377" errors="0">
  <testcase name="gotoStartPageOsop" time="5.377" classname="ua.bms.FirstTest"/>
</testsuite> <!-- ua.bms.FirstTest -->
