<?xml version="1.0" encoding="UTF-8"?>
<!-- Generated by org.testng.reporters.JUnitReportReporter -->
<testsuite hostname="ChubenkoV" name="ua.bms.test.AdministrativeViolationTest" tests="1" failures="0" timestamp="7 Jul 2016 15:48:46 GMT" time="28.059" errors="0">
  <testcase name="testLoginForm" time="28.059" classname="ua.bms.test.AdministrativeViolationTest"/>
</testsuite> <!-- ua.bms.test.AdministrativeViolationTest -->
