<?xml version="1.0" encoding="UTF-8"?>
<!-- Generated by org.testng.reporters.JUnitReportReporter -->
<testsuite hostname="ChubenkoV" name="ua.bms.test.AdministrativeViolationTest" tests="2" failures="0" timestamp="21 Jul 2016 14:51:14 GMT" time="25.175" errors="0">
  <testcase name="testJumpToUnit9Page" time="6.603" classname="ua.bms.test.AdministrativeViolationTest"/>
  <testcase name="testCreateMilitaryCard" time="18.572" classname="ua.bms.test.AdministrativeViolationTest"/>
</testsuite> <!-- ua.bms.test.AdministrativeViolationTest -->
