<?xml version="1.0" encoding="UTF-8"?>
<!-- Generated by org.testng.reporters.JUnitReportReporter -->
<testsuite hostname="ChubenkoV" name="ua.bms.test.LoginTest" tests="3" failures="0" timestamp="6 Sep 2016 15:07:03 GMT" time="15.010" errors="0">
  <testcase name="testLoginOK" time="6.530" classname="ua.bms.test.LoginTest"/>
  <testcase name="testLoginFailedLogin" time="7.715" classname="ua.bms.test.LoginTest"/>
  <testcase name="testLoginFailedPassword" time="0.765" classname="ua.bms.test.LoginTest"/>
</testsuite> <!-- ua.bms.test.LoginTest -->
