<?xml version="1.0" encoding="UTF-8"?>
<!-- Generated by org.testng.reporters.JUnitReportReporter -->
<testsuite hostname="ChubenkoV" name="ua.bms.test.LoginTest" tests="3" failures="0" timestamp="31 Aug 2016 06:28:46 GMT" time="11.918" errors="0">
  <testcase name="testFailedLogin" time="4.189" classname="ua.bms.test.LoginTest"/>
  <testcase name="testLogin" time="5.069" classname="ua.bms.test.LoginTest"/>
  <testcase name="testFailedPassword" time="2.660" classname="ua.bms.test.LoginTest"/>
</testsuite> <!-- ua.bms.test.LoginTest -->
