<?xml version="1.0" encoding="UTF-8"?>
<!-- Generated by org.testng.reporters.JUnitReportReporter -->
<testsuite hostname="ChubenkoV" name="ua.bms.test.LoginTest" tests="3" failures="0" timestamp="29 Jul 2016 13:42:31 GMT" time="13.584" errors="0">
  <testcase name="testLogin" time="5.999" classname="ua.bms.test.LoginTest"/>
  <testcase name="testFailedLogin" time="4.464" classname="ua.bms.test.LoginTest"/>
  <testcase name="testFailedPassword" time="3.121" classname="ua.bms.test.LoginTest"/>
</testsuite> <!-- ua.bms.test.LoginTest -->
