<?xml version="1.0" encoding="UTF-8"?>
<!-- Generated by org.testng.reporters.JUnitReportReporter -->
<testsuite hostname="ChubenkoV" name="ua.bms.LoginTest" tests="1" failures="0" timestamp="29 Jun 2016 13:11:51 GMT" time="5.523" errors="0">
  <testcase name="gotoStartPageOsop" time="5.523" classname="ua.bms.LoginTest"/>
</testsuite> <!-- ua.bms.LoginTest -->
