<?xml version="1.0" encoding="UTF-8"?>
<!-- Generated by org.testng.reporters.JUnitReportReporter -->
<testsuite hostname="ChubenkoV" name="ua.bms.osop.test.Unit9MilitaryTest" tests="5" failures="0" timestamp="8 Sep 2016 14:56:35 GMT" time="30.679" errors="0">
  <testcase name="testJumpToUnit9Page" time="2.448" classname="ua.bms.osop.test.Unit9MilitaryTest"/>
  <testcase name="testCreateMilitaryCard" time="17.735" classname="ua.bms.osop.test.Unit9MilitaryTest"/>
  <testcase name="testRemoveMilitaryCard" time="2.846" classname="ua.bms.osop.test.Unit9MilitaryTest"/>
  <testcase name="testEditMilitaryCard" time="5.361" classname="ua.bms.osop.test.Unit9MilitaryTest"/>
  <testcase name="testRestoreMilitaryCard" time="2.289" classname="ua.bms.osop.test.Unit9MilitaryTest"/>
</testsuite> <!-- ua.bms.osop.test.Unit9MilitaryTest -->
