<?xml version="1.0" encoding="UTF-8"?>
<!-- Generated by org.testng.reporters.JUnitReportReporter -->
<testsuite hostname="ChubenkoV" name="ua.bms.osop.test.Unit7MassMediaTest" tests="5" failures="0" timestamp="8 Sep 2016 14:56:35 GMT" time="16.842" errors="0">
  <testcase name="testJumpToUnit7Page" time="1.988" classname="ua.bms.osop.test.Unit7MassMediaTest"/>
  <testcase name="testEditMassMediaCard" time="4.071" classname="ua.bms.osop.test.Unit7MassMediaTest"/>
  <testcase name="testCreateMassMediaCard" time="4.500" classname="ua.bms.osop.test.Unit7MassMediaTest"/>
  <testcase name="testRemoveMassMediaCard" time="3.702" classname="ua.bms.osop.test.Unit7MassMediaTest"/>
  <testcase name="testRestoreMassMediaCard" time="2.581" classname="ua.bms.osop.test.Unit7MassMediaTest"/>
</testsuite> <!-- ua.bms.osop.test.Unit7MassMediaTest -->
