<?xml version="1.0" encoding="UTF-8"?>
<!-- Generated by org.testng.reporters.JUnitReportReporter -->
<testsuite hostname="ChubenkoV" name="ua.bms.test.LoginTest" tests="3" failures="0" timestamp="30 Aug 2016 14:58:56 GMT" time="12.526" errors="0">
  <testcase name="testFailedLogin" time="3.582" classname="ua.bms.test.LoginTest"/>
  <testcase name="testLogin" time="5.182" classname="ua.bms.test.LoginTest"/>
  <testcase name="testFailedPassword" time="3.762" classname="ua.bms.test.LoginTest"/>
</testsuite> <!-- ua.bms.test.LoginTest -->
