<?xml version="1.0" encoding="UTF-8"?>
<!-- Generated by org.testng.reporters.JUnitReportReporter -->
<testsuite hostname="ChubenkoV" name="ua.bms.test.LoginTest" tests="3" failures="0" timestamp="7 Sep 2016 14:58:57 GMT" time="15.162" errors="0">
  <testcase name="testLoginFailedPassword" time="7.119" classname="ua.bms.test.LoginTest"/>
  <testcase name="testLoginFailedLogin" time="1.175" classname="ua.bms.test.LoginTest"/>
  <testcase name="testLoginOK" time="6.868" classname="ua.bms.test.LoginTest"/>
</testsuite> <!-- ua.bms.test.LoginTest -->
