<?xml version="1.0" encoding="UTF-8"?>
<!-- Generated by org.testng.reporters.JUnitReportReporter -->
<testsuite hostname="ChubenkoV" name="ua.bms.test.LoginTest" tests="3" failures="0" timestamp="4 Aug 2016 11:56:37 GMT" time="14.291" errors="0">
  <testcase name="testLogin" time="6.596" classname="ua.bms.test.LoginTest"/>
  <testcase name="testFailedLogin" time="4.349" classname="ua.bms.test.LoginTest"/>
  <testcase name="testFailedPassword" time="3.346" classname="ua.bms.test.LoginTest"/>
</testsuite> <!-- ua.bms.test.LoginTest -->
