<?xml version="1.0" encoding="UTF-8"?>
<!-- Generated by org.testng.reporters.JUnitReportReporter -->
<testsuite hostname="ChubenkoV" name="ua.bms.test.LoginTest" tests="1" failures="0" timestamp="30 Jun 2016 14:25:55 GMT" time="13.409" errors="0">
  <testcase name="testLoginForm" time="13.409" classname="ua.bms.test.LoginTest"/>
</testsuite> <!-- ua.bms.test.LoginTest -->
