<?xml version="1.0" encoding="UTF-8"?>
<!-- Generated by org.testng.reporters.JUnitReportReporter -->
<testsuite hostname="ChubenkoV" name="ua.bms.test.AdministrativeViolationTest" tests="1" failures="0" timestamp="18 Jul 2016 14:23:20 GMT" time="53.347" errors="0">
  <testcase name="testCreateMilitaryCard" time="53.347" classname="ua.bms.test.AdministrativeViolationTest"/>
</testsuite> <!-- ua.bms.test.AdministrativeViolationTest -->
