<?xml version="1.0" encoding="UTF-8"?>
<!-- Generated by org.testng.reporters.JUnitReportReporter -->
<testsuite hostname="ChubenkoV" name="ua.bms.test.LoginTest" tests="3" failures="0" timestamp="28 Jul 2016 15:04:02 GMT" time="14.790" errors="0">
  <testcase name="testFailedLogin" time="4.599" classname="ua.bms.test.LoginTest"/>
  <testcase name="testLogin" time="6.594" classname="ua.bms.test.LoginTest"/>
  <testcase name="testFailedPassword" time="3.597" classname="ua.bms.test.LoginTest"/>
</testsuite> <!-- ua.bms.test.LoginTest -->
